Removed Pin From Net: NetName=+5V Pin=J4-1
Removed Pin From Net: NetName=SCK Pin=J4-2
Removed Pin From Net: NetName=DT Pin=J4-3
Removed Pin From Net: NetName=GND Pin=J4-4
Removed Pin From Net: NetName=AGND Pin=R1-1
Removed Pin From Net: NetName=GND Pin=R1-2
Removed Pin From Net: NetName=AGND Pin=R2-1
Removed Pin From Net: NetName=GND Pin=R2-2
Removed Pin From Net: NetName=AGND Pin=R3-1
Removed Pin From Net: NetName=GND Pin=R3-2
Removed Pin From Net: NetName=AGND Pin=R4-1
Removed Pin From Net: NetName=GND Pin=R4-2
Removed Member From Class: ClassName=FTM_SCH Member=J3
Removed Member From Class: ClassName=FTM_SCH Member=R1
Removed Member From Class: ClassName=FTM_SCH Member=R2
Removed Member From Class: ClassName=FTM_SCH Member=R3
Removed Member From Class: ClassName=FTM_SCH Member=R4
Added Component: Designator=P1(PCBComponent_1)
Add Pin To Net: Unknown Pin: Pin P1-EN
Add Pin To Net: Unknown Pin: Pin P1-EN
Add Pin To Net: Unknown Pin: Pin P1-EN
Add Pin To Net: Unknown Pin: Pin P1-EN
Added Pin To Net: NetName=NetJ4_1 Pin=J4-1
Added Net: Name=NetJ4_1
Added Pin To Net: NetName=NetJ4_2 Pin=J4-2
Added Net: Name=NetJ4_2
Added Pin To Net: NetName=NetJ4_3 Pin=J4-3
Added Net: Name=NetJ4_3
Added Pin To Net: NetName=NetJ4_4 Pin=J4-4
Added Net: Name=NetJ4_4
Added Member To Class: ClassName=FTM_SCH Member=Component P1 Component_1
